<?xml version="1.0" encoding="UTF-8"?>
<testsuite xmlns:xsi="http://www.w3.org/2001/XMLSchema-instance" xsi:noNamespaceSchemaLocation="https://maven.apache.org/surefire/maven-surefire-plugin/xsd/surefire-test-report.xsd" name="ru.netology.GameStoreTest" time="0.104" tests="8" errors="0" skipped="0" failures="4">
  <properties>
[...]
</properties>
  <testcase name="shouldAddGameOneGame" classname="ru.netology.GameStoreTest" time="0.068">
    <failure message="expected: &lt;true&gt; but was: &lt;false&gt;" type="org.opentest4j.AssertionFailedError"><![CDATA[org.opentest4j.AssertionFailedError: expected: <true> but was: <false>
	at ru.netology.GameStoreTest.shouldAddGameOneGame(GameStoreTest.java:26)
]]></failure>
  </testcase>
  <testcase name="timeMorePlayer" classname="ru.netology.GameStoreTest" time="0.008"/>
  <testcase name="shouldAddGame" classname="ru.netology.GameStoreTest" time="0">
    <failure message="expected: &lt;true&gt; but was: &lt;false&gt;" type="org.opentest4j.AssertionFailedError"><![CDATA[org.opentest4j.AssertionFailedError: expected: <true> but was: <false>
	at ru.netology.GameStoreTest.shouldAddGame(GameStoreTest.java:17)
]]></failure>
  </testcase>
  <testcase name="timeNotPlayer" classname="ru.netology.GameStoreTest" time="0"/>
  <testcase name="allTimePlayed" classname="ru.netology.GameStoreTest" time="0">
    <failure message="expected: &lt;5&gt; but was: &lt;0&gt;" type="org.opentest4j.AssertionFailedError"><![CDATA[org.opentest4j.AssertionFailedError: expected: <5> but was: <0>
	at ru.netology.GameStoreTest.allTimePlayed(GameStoreTest.java:107)
]]></failure>
  </testcase>
  <testcase name="timeTwoPlayer" classname="ru.netology.GameStoreTest" time="0"/>
  <testcase name="shouldNotGame" classname="ru.netology.GameStoreTest" time="0.002"/>
  <testcase name="addPlayerTime" classname="ru.netology.GameStoreTest" time="0.009">
    <failure message="expected: &lt;Vasia&gt; but was: &lt;Gena&gt;" type="org.opentest4j.AssertionFailedError"><![CDATA[org.opentest4j.AssertionFailedError: expected: <Vasia> but was: <Gena>
	at ru.netology.GameStoreTest.addPlayerTime(GameStoreTest.java:92)
]]></failure>
  </testcase>
</testsuite>